#
# A fatal error has been detected by the Java Runtime Environment:
#
#  Internal Error (./open/src/hotspot/share/opto/output.cpp:1493), pid=4960, tid=2640
#  guarantee((int)(blk_starts[i+1] - blk_starts[i]) >= (current_offset - blk_offset)) failed: shouldn't increase block size
#
# JRE version: Java(TM) SE Runtime Environment (14.0.2+12) (build 14.0.2+12-46)
# Java VM: Java HotSpot(TM) 64-Bit Server VM (14.0.2+12-46, mixed mode, sharing, tiered, compressed oops, parallel gc, windows-amd64)
# No core dump will be written. Minidumps are not enabled by default on client versions of Windows
#
# If you would like to submit a bug report, please visit:
#   https://bugreport.java.com/bugreport/crash.jsp
#

---------------  S U M M A R Y ------------

Command Line: --add-modules=ALL-SYSTEM --add-opens=java.base/java.util=ALL-UNNAMED --add-opens=java.base/java.lang=ALL-UNNAMED -Declipse.application=org.eclipse.jdt.ls.core.id1 -Dosgi.bundles.defaultStartLevel=4 -Declipse.product=org.eclipse.jdt.ls.core.product -Dfile.encoding=utf8 -DwatchParentProcess=false -XX:+UseParallelGC -XX:GCTimeRatio=4 -XX:AdaptiveSizePolicyWeight=90 -Dsun.zip.disableMemoryMapping=true -Xmx1G -Xms100m c:\Users\Pooja\.vscode\extensions\redhat.java-0.76.0\server\plugins\org.eclipse.equinox.launcher_1.6.100.v20201223-0822.jar -configuration c:\Users\Pooja\AppData\Roaming\Code\User\globalStorage\redhat.java\0.76.0\config_win -data c:\Users\Pooja\AppData\Roaming\Code\User\workspaceStorage\161791dd57563d5eb755a8969e3655f5\redhat.java\jdt_ws

Host: Intel(R) Pentium(R) CPU  N3530  @ 2.16GHz, 4 cores, 3G,  Windows 10 , 64 bit Build 18362 (10.0.18362.778)
Time: Mon Mar 29 02:19:43 2021 Pacific Daylight Time elapsed time: 11119 seconds (0d 3h 5m 19s)

---------------  T H R E A D  ---------------

Current thread (0x000002177fef0800):  JavaThread "C2 CompilerThread0" daemon [_thread_in_native, id=2640, stack(0x000000c5c5000000,0x000000c5c5100000)]


Current CompileTask:
C2:11119805 22920   !   4       org.eclipse.jdt.internal.compiler.parser.Scanner::getNextToken0 (3042 bytes)

Stack: [0x000000c5c5000000,0x000000c5c5100000]
Native frames: (J=compiled Java code, j=interpreted, Vv=VM code, C=native code)
V  [jvm.dll+0x5f8a9a]
V  [jvm.dll+0x74247a]
V  [jvm.dll+0x743c2f]
V  [jvm.dll+0x744227]
V  [jvm.dll+0x20d20c]
V  [jvm.dll+0x5ff850]
V  [jvm.dll+0x5fdbdd]
V  [jvm.dll+0x1e614a]
V  [jvm.dll+0x1e50b8]
V  [jvm.dll+0x1779cc]
V  [jvm.dll+0x1f4105]
V  [jvm.dll+0x1f22eb]
V  [jvm.dll+0x7070cd]
V  [jvm.dll+0x6ffeda]
V  [jvm.dll+0x5f78f6]
C  [ucrtbase.dll+0x20e82]
C  [KERNEL32.DLL+0x17bd4]
C  [ntdll.dll+0x6ce51]


---------------  P R O C E S S  ---------------

Threads class SMR info:
_java_thread_list=0x000002171d6755f0, length=30, elements={
0x000002177f48f800, 0x000002177f54b000, 0x000002177f54d000, 0x000002177feec000,
0x000002177feed000, 0x000002177feef800, 0x000002177fef0800, 0x000002177fef3000,
0x000002177fefe000, 0x000002171bc7b000, 0x000002171bd24800, 0x000002171c2db800,
0x000002171bc77800, 0x000002171c21d800, 0x000002171c168800, 0x000002171c130800,
0x000002171cf6c800, 0x000002171bfbb000, 0x000002171bfbb800, 0x000002171bfbe000,
0x0000021720c09800, 0x0000021720c08000, 0x0000021720c05800, 0x000002171bfba000,
0x000002171bfb9000, 0x000002171bfbd800, 0x000002171bfbf000, 0x0000021720c06000,
0x0000021720c03000, 0x0000021720c04800
}

Java Threads: ( => current thread )
  0x000002177f48f800 JavaThread "main" [_thread_blocked, id=11020, stack(0x000000c5c4800000,0x000000c5c4900000)]
  0x000002177f54b000 JavaThread "Reference Handler" daemon [_thread_blocked, id=11056, stack(0x000000c5c4b00000,0x000000c5c4c00000)]
  0x000002177f54d000 JavaThread "Finalizer" daemon [_thread_blocked, id=3264, stack(0x000000c5c4c00000,0x000000c5c4d00000)]
  0x000002177feec000 JavaThread "Signal Dispatcher" daemon [_thread_blocked, id=10916, stack(0x000000c5c4d00000,0x000000c5c4e00000)]
  0x000002177feed000 JavaThread "Attach Listener" daemon [_thread_blocked, id=9600, stack(0x000000c5c4e00000,0x000000c5c4f00000)]
  0x000002177feef800 JavaThread "Service Thread" daemon [_thread_blocked, id=10028, stack(0x000000c5c4f00000,0x000000c5c5000000)]
=>0x000002177fef0800 JavaThread "C2 CompilerThread0" daemon [_thread_in_native, id=2640, stack(0x000000c5c5000000,0x000000c5c5100000)]
  0x000002177fef3000 JavaThread "C1 CompilerThread0" daemon [_thread_blocked, id=7632, stack(0x000000c5c5100000,0x000000c5c5200000)]
  0x000002177fefe000 JavaThread "Sweeper thread" daemon [_thread_blocked, id=9416, stack(0x000000c5c5200000,0x000000c5c5300000)]
  0x000002171bc7b000 JavaThread "Common-Cleaner" daemon [_thread_blocked, id=9932, stack(0x000000c5c5300000,0x000000c5c5400000)]
  0x000002171bd24800 JavaThread "Notification Thread" daemon [_thread_blocked, id=8112, stack(0x000000c5c5500000,0x000000c5c5600000)]
  0x000002171c2db800 JavaThread "Active Thread: Equinox Container: 513276e7-8867-4d4e-a750-39b34d457a0e" [_thread_blocked, id=10868, stack(0x000000c5c5400000,0x000000c5c5500000)]
  0x000002171bc77800 JavaThread "Framework Event Dispatcher: Equinox Container: 513276e7-8867-4d4e-a750-39b34d457a0e" daemon [_thread_blocked, id=1824, stack(0x000000c5c5700000,0x000000c5c5800000)]
  0x000002171c21d800 JavaThread "Start Level: Equinox Container: 513276e7-8867-4d4e-a750-39b34d457a0e" daemon [_thread_blocked, id=7296, stack(0x000000c5c5800000,0x000000c5c5900000)]
  0x000002171c168800 JavaThread "SCR Component Actor" daemon [_thread_blocked, id=9132, stack(0x000000c5c5c00000,0x000000c5c5d00000)]
  0x000002171c130800 JavaThread "Bundle File Closer" daemon [_thread_blocked, id=2328, stack(0x000000c5c5e00000,0x000000c5c5f00000)]
  0x000002171cf6c800 JavaThread "Worker-JM" [_thread_blocked, id=8268, stack(0x000000c5c5f00000,0x000000c5c6000000)]
  0x000002171bfbb000 JavaThread "Java indexing" daemon [_thread_blocked, id=11252, stack(0x000000c5c6300000,0x000000c5c6400000)]
  0x000002171bfbb800 JavaThread "logback configurator timer" daemon [_thread_blocked, id=3704, stack(0x000000c5c5d00000,0x000000c5c5e00000)]
  0x000002171bfbe000 JavaThread "pool-2-thread-1" [_thread_in_vm, id=6776, stack(0x000000c5c6500000,0x000000c5c6600000)]
  0x0000021720c09800 JavaThread "ForkJoinPool.commonPool-worker-3" daemon [_thread_blocked, id=6916, stack(0x000000c5c6100000,0x000000c5c6200000)]
  0x0000021720c08000 JavaThread "ForkJoinPool.commonPool-worker-5" daemon [_thread_blocked, id=6884, stack(0x000000c5c6400000,0x000000c5c6500000)]
  0x0000021720c05800 JavaThread "ForkJoinPool.commonPool-worker-9" daemon [_thread_blocked, id=12940, stack(0x000000c5c6000000,0x000000c5c6100000)]
  0x000002171bfba000 JavaThread "Worker-41: Java indexing... " [_thread_blocked, id=6968, stack(0x000000c5c7400000,0x000000c5c7500000)]
  0x000002171bfb9000 JavaThread "ForkJoinPool.commonPool-worker-7" daemon [_thread_blocked, id=4460, stack(0x000000c5c4600000,0x000000c5c4700000)]
  0x000002171bfbd800 JavaThread "Worker-44" [_thread_blocked, id=8072, stack(0x000000c5c6600000,0x000000c5c6700000)]
  0x000002171bfbf000 JavaThread "ForkJoinPool.commonPool-worker-19" daemon [_thread_blocked, id=9924, stack(0x000000c5c6700000,0x000000c5c6800000)]
  0x0000021720c06000 JavaThread "ForkJoinPool.commonPool-worker-11" daemon [_thread_blocked, id=6632, stack(0x000000c5c6800000,0x000000c5c6900000)]
  0x0000021720c03000 JavaThread "Worker-46" [_thread_blocked, id=10604, stack(0x000000c5c4500000,0x000000c5c4600000)]
  0x0000021720c04800 JavaThread "ForkJoinPool.commonPool-worker-13" daemon [_thread_blocked, id=5916, stack(0x000000c5c4700000,0x000000c5c4800000)]

Other Threads:
  0x000002177fedf000 VMThread "VM Thread" [stack: 0x000000c5c4a00000,0x000000c5c4b00000] [id=9704] _threads_hazard_ptr=0x000002171d6755f0
  0x000002171bd25800 WatcherThread [stack: 0x000000c5c5600000,0x000000c5c5700000] [id=2244]
  0x000002177f4a8000 GCTaskThread "GC Thread#0" [stack: 0x000000c5c4900000,0x000000c5c4a00000] [id=9260]
  0x000002171c1b1000 GCTaskThread "GC Thread#1" [stack: 0x000000c5c5900000,0x000000c5c5a00000] [id=6736]
  0x000002171bc2a800 GCTaskThread "GC Thread#2" [stack: 0x000000c5c5a00000,0x000000c5c5b00000] [id=1500]
  0x000002171bc53000 GCTaskThread "GC Thread#3" [stack: 0x000000c5c5b00000,0x000000c5c5c00000] [id=6360]

Threads with active compile tasks:
C2 CompilerThread0  11120161 22920   !   4       org.eclipse.jdt.internal.compiler.parser.Scanner::getNextToken0 (3042 bytes)

VM state:not at safepoint (normal execution)

VM Mutex/Monitor currently owned by a thread: None

Heap address: 0x00000000c0000000, size: 1024 MB, Compressed Oops mode: 32-bit
Narrow klass base: 0x0000000800000000, Narrow klass shift: 3
Compressed class space size: 1073741824 Address: 0x0000000800b30000

Heap:
 PSYoungGen      total 4096K, used 1673K [0x00000000eab00000, 0x00000000eb080000, 0x0000000100000000)
  eden space 2560K, 11% used [0x00000000eab00000,0x00000000eab4a650,0x00000000ead80000)
  from space 1536K, 89% used [0x00000000ead80000,0x00000000eaed8000,0x00000000eaf00000)
  to   space 1536K, 0% used [0x00000000eaf00000,0x00000000eaf00000,0x00000000eb080000)
 ParOldGen       total 318464K, used 282332K [0x00000000c0000000, 0x00000000d3700000, 0x00000000eab00000)
  object space 318464K, 88% used [0x00000000c0000000,0x00000000d13b73d8,0x00000000d3700000)
 Metaspace       used 77889K, capacity 81098K, committed 81280K, reserved 1122304K
  class space    used 7375K, capacity 8565K, committed 8576K, reserved 1048576K

Card table byte_map: [0x000002177ee70000,0x000002177f080000] _byte_map_base: 0x000002177e870000

Marking Bits: (ParMarkBitMap*) 0x00007fff09daa220
 Begin Bits: [0x0000021718ae0000, 0x0000021719ae0000)
 End Bits:   [0x0000021719ae0000, 0x000002171aae0000)

Polling page: 0x000002177ec60000

Metaspace:

Usage:
  Non-class:     70.83 MB capacity,    68.86 MB ( 97%) used,     1.80 MB (  3%) free+waste,   176.00 KB ( <1%) overhead. 
      Class:      8.36 MB capacity,     7.20 MB ( 86%) used,     1.09 MB ( 13%) free+waste,    71.25 KB ( <1%) overhead. 
       Both:     79.20 MB capacity,    76.06 MB ( 96%) used,     2.89 MB (  4%) free+waste,   247.25 KB ( <1%) overhead. 

Virtual space:
  Non-class space:       72.00 MB reserved,      71.00 MB ( 99%) committed 
      Class space:        1.00 GB reserved,       8.38 MB ( <1%) committed 
             Both:        1.07 GB reserved,      79.38 MB (  7%) committed 

Chunk freelists:
   Non-Class:  43.00 KB
       Class:  11.00 KB
        Both:  54.00 KB

MaxMetaspaceSize: 17179869184.00 GB
CompressedClassSpaceSize: 1.00 GB

CodeHeap 'non-profiled nmethods': size=120000Kb used=20376Kb max_used=20724Kb free=99624Kb
 bounds [0x00000217115b0000, 0x0000021712a80000, 0x0000021718ae0000]
CodeHeap 'profiled nmethods': size=120000Kb used=39862Kb max_used=40028Kb free=80137Kb
 bounds [0x000002170a080000, 0x000002170c7b0000, 0x00000217115b0000]
CodeHeap 'non-nmethods': size=5760Kb used=1450Kb max_used=1514Kb free=4309Kb
 bounds [0x0000021709ae0000, 0x0000021709d50000, 0x000002170a080000]
 total_blobs=17011 nmethods=16288 adapters=631
 compilation: enabled
              stopped_count=0, restarted_count=0
 full_count=0

Compilation events (20 events):
Event: 11115.403 Thread 0x000002177fef3000 nmethod 22912 0x000002170b54b790 code [0x000002170b54b980, 0x000002170b54bef8]
Event: 11115.445 Thread 0x000002177fef3000 22913   !   3       org.eclipse.jdt.internal.compiler.parser.Scanner::getNextToken0 (3042 bytes)
Event: 11115.468 Thread 0x000002177fef3000 nmethod 22913 0x000002170c5fd710 code [0x000002170c5fe0e0, 0x000002170c6058b8]
Event: 11115.808 Thread 0x000002177fef0800 22914       4       org.eclipse.jdt.internal.compiler.lookup.TypeBinding::isNestedType (17 bytes)
Event: 11115.809 Thread 0x000002177fef0800 nmethod 22914 0x0000021712798690 code [0x0000021712798800, 0x0000021712798898]
Event: 11116.379 Thread 0x000002177fef0800 22915       4       org.eclipse.jdt.internal.formatter.TextEditsBuilder::bufferLineSeparator (334 bytes)
Event: 11116.412 Thread 0x000002177fef0800 nmethod 22915 0x0000021712381b90 code [0x0000021712381e00, 0x0000021712382788]
Event: 11117.852 Thread 0x000002177fef0800 22916       4       java.util.Formatter$FormatSpecifier::print (891 bytes)
Event: 11118.131 Thread 0x000002177fef0800 nmethod 22916 0x00000217128f0510 code [0x00000217128f0a60, 0x00000217128f30e8]
Event: 11118.131 Thread 0x000002177fef0800 22918       4       java.util.Formatter$FormatSpecifier::addZeros (112 bytes)
Event: 11118.138 Thread 0x000002177fef0800 nmethod 22918 0x000002171249bd90 code [0x000002171249bf60, 0x000002171249c1f8]
Event: 11118.138 Thread 0x000002177fef0800 22917       4       jdk.internal.math.FormattedFloatingDecimal::<init> (289 bytes)
Event: 11118.198 Thread 0x000002177fef0800 nmethod 22917 0x0000021712448e90 code [0x0000021712449200, 0x000002171244a1b0]
Event: 11118.284 Thread 0x000002177fef3000 22919       3       org.eclipse.jdt.internal.compiler.ast.ASTNode::checkInvocationArguments (882 bytes)
Event: 11118.288 Thread 0x000002177fef0800 22920   !   4       org.eclipse.jdt.internal.compiler.parser.Scanner::getNextToken0 (3042 bytes)
Event: 11118.294 Thread 0x000002177fef3000 nmethod 22919 0x000002170b5b4410 code [0x000002170b5b4ac0, 0x000002170b5b9868]
Event: 11119.285 Thread 0x000002177fef3000 22921       3       org.eclipse.jdt.internal.core.search.indexing.IndexManager::addSource (55 bytes)
Event: 11119.288 Thread 0x000002177fef3000 nmethod 22921 0x000002170b5b2a90 code [0x000002170b5b2d20, 0x000002170b5b3e08]
Event: 11119.298 Thread 0x000002177fef3000 22922       3       org.eclipse.jdt.ls.core.internal.corext.refactoring.code.flow.FlowAnalyzer::endVisit (129 bytes)
Event: 11119.302 Thread 0x000002177fef3000 nmethod 22922 0x000002170c6c2010 code [0x000002170c6c2400, 0x000002170c6c4b48]

GC Heap History (20 events):
Event: 11118.080 GC heap before
{Heap before GC invocations=6138 (full 120):
 PSYoungGen      total 2560K, used 2240K [0x00000000eab00000, 0x00000000eb000000, 0x0000000100000000)
  eden space 1536K, 100% used [0x00000000eab00000,0x00000000eac80000,0x00000000eac80000)
  from space 1024K, 68% used [0x00000000eaf00000,0x00000000eafb0000,0x00000000eb000000)
  to   space 1024K, 0% used [0x00000000eae00000,0x00000000eae00000,0x00000000eaf00000)
 ParOldGen       total 321536K, used 316071K [0x00000000c0000000, 0x00000000d3a00000, 0x00000000eab00000)
  object space 321536K, 98% used [0x00000000c0000000,0x00000000d34a9fb0,0x00000000d3a00000)
 Metaspace       used 77886K, capacity 81034K, committed 81280K, reserved 1122304K
  class space    used 7375K, capacity 8565K, committed 8576K, reserved 1048576K
}
Event: 11118.089 GC heap after
{Heap after GC invocations=6138 (full 120):
 PSYoungGen      total 3072K, used 608K [0x00000000eab00000, 0x00000000eaf80000, 0x0000000100000000)
  eden space 2048K, 0% used [0x00000000eab00000,0x00000000eab00000,0x00000000ead00000)
  from space 1024K, 59% used [0x00000000eae00000,0x00000000eae98000,0x00000000eaf00000)
  to   space 512K, 0% used [0x00000000eaf00000,0x00000000eaf00000,0x00000000eaf80000)
 ParOldGen       total 321536K, used 316751K [0x00000000c0000000, 0x00000000d3a00000, 0x00000000eab00000)
  object space 321536K, 98% used [0x00000000c0000000,0x00000000d3553fb0,0x00000000d3a00000)
 Metaspace       used 77886K, capacity 81034K, committed 81280K, reserved 1122304K
  class space    used 7375K, capacity 8565K, committed 8576K, reserved 1048576K
}
Event: 11118.145 GC heap before
{Heap before GC invocations=6139 (full 120):
 PSYoungGen      total 3072K, used 2656K [0x00000000eab00000, 0x00000000eaf80000, 0x0000000100000000)
  eden space 2048K, 100% used [0x00000000eab00000,0x00000000ead00000,0x00000000ead00000)
  from space 1024K, 59% used [0x00000000eae00000,0x00000000eae98000,0x00000000eaf00000)
  to   space 512K, 0% used [0x00000000eaf00000,0x00000000eaf00000,0x00000000eaf80000)
 ParOldGen       total 321536K, used 316751K [0x00000000c0000000, 0x00000000d3a00000, 0x00000000eab00000)
  object space 321536K, 98% used [0x00000000c0000000,0x00000000d3553fb0,0x00000000d3a00000)
 Metaspace       used 77886K, capacity 81034K, committed 81280K, reserved 1122304K
  class space    used 7375K, capacity 8565K, committed 8576K, reserved 1048576K
}
Event: 11118.151 GC heap after
{Heap after GC invocations=6139 (full 120):
 PSYoungGen      total 3072K, used 480K [0x00000000eab00000, 0x00000000eaf80000, 0x0000000100000000)
  eden space 2560K, 0% used [0x00000000eab00000,0x00000000eab00000,0x00000000ead80000)
  from space 512K, 93% used [0x00000000eaf00000,0x00000000eaf78000,0x00000000eaf80000)
  to   space 1024K, 0% used [0x00000000ead80000,0x00000000ead80000,0x00000000eae80000)
 ParOldGen       total 321536K, used 317358K [0x00000000c0000000, 0x00000000d3a00000, 0x00000000eab00000)
  object space 321536K, 98% used [0x00000000c0000000,0x00000000d35eb938,0x00000000d3a00000)
 Metaspace       used 77886K, capacity 81034K, committed 81280K, reserved 1122304K
  class space    used 7375K, capacity 8565K, committed 8576K, reserved 1048576K
}
Event: 11118.221 GC heap before
{Heap before GC invocations=6140 (full 120):
 PSYoungGen      total 3072K, used 3040K [0x00000000eab00000, 0x00000000eaf80000, 0x0000000100000000)
  eden space 2560K, 100% used [0x00000000eab00000,0x00000000ead80000,0x00000000ead80000)
  from space 512K, 93% used [0x00000000eaf00000,0x00000000eaf78000,0x00000000eaf80000)
  to   space 1024K, 0% used [0x00000000ead80000,0x00000000ead80000,0x00000000eae80000)
 ParOldGen       total 321536K, used 317358K [0x00000000c0000000, 0x00000000d3a00000, 0x00000000eab00000)
  object space 321536K, 98% used [0x00000000c0000000,0x00000000d35eb938,0x00000000d3a00000)
 Metaspace       used 77886K, capacity 81034K, committed 81280K, reserved 1122304K
  class space    used 7375K, capacity 8565K, committed 8576K, reserved 1048576K
}
Event: 11118.228 GC heap after
{Heap after GC invocations=6140 (full 120):
 PSYoungGen      total 3584K, used 608K [0x00000000eab00000, 0x00000000eb000000, 0x0000000100000000)
  eden space 2560K, 0% used [0x00000000eab00000,0x00000000eab00000,0x00000000ead80000)
  from space 1024K, 59% used [0x00000000ead80000,0x00000000eae18000,0x00000000eae80000)
  to   space 1024K, 0% used [0x00000000eaf00000,0x00000000eaf00000,0x00000000eb000000)
 ParOldGen       total 321536K, used 317806K [0x00000000c0000000, 0x00000000d3a00000, 0x00000000eab00000)
  object space 321536K, 98% used [0x00000000c0000000,0x00000000d365b938,0x00000000d3a00000)
 Metaspace       used 77886K, capacity 81034K, committed 81280K, reserved 1122304K
  class space    used 7375K, capacity 8565K, committed 8576K, reserved 1048576K
}
Event: 11118.271 GC heap before
{Heap before GC invocations=6141 (full 120):
 PSYoungGen      total 3584K, used 3168K [0x00000000eab00000, 0x00000000eb000000, 0x0000000100000000)
  eden space 2560K, 100% used [0x00000000eab00000,0x00000000ead80000,0x00000000ead80000)
  from space 1024K, 59% used [0x00000000ead80000,0x00000000eae18000,0x00000000eae80000)
  to   space 1024K, 0% used [0x00000000eaf00000,0x00000000eaf00000,0x00000000eb000000)
 ParOldGen       total 321536K, used 317806K [0x00000000c0000000, 0x00000000d3a00000, 0x00000000eab00000)
  object space 321536K, 98% used [0x00000000c0000000,0x00000000d365b938,0x00000000d3a00000)
 Metaspace       used 77886K, capacity 81034K, committed 81280K, reserved 1122304K
  class space    used 7375K, capacity 8565K, committed 8576K, reserved 1048576K
}
Event: 11118.281 GC heap after
{Heap after GC invocations=6141 (full 120):
 PSYoungGen      total 4096K, used 816K [0x00000000eab00000, 0x00000000eb000000, 0x0000000100000000)
  eden space 3072K, 0% used [0x00000000eab00000,0x00000000eab00000,0x00000000eae00000)
  from space 1024K, 79% used [0x00000000eaf00000,0x00000000eafcc010,0x00000000eb000000)
  to   space 1024K, 0% used [0x00000000eae00000,0x00000000eae00000,0x00000000eaf00000)
 ParOldGen       total 321536K, used 318382K [0x00000000c0000000, 0x00000000d3a00000, 0x00000000eab00000)
  object space 321536K, 99% used [0x00000000c0000000,0x00000000d36eb938,0x00000000d3a00000)
 Metaspace       used 77886K, capacity 81034K, committed 81280K, reserved 1122304K
  class space    used 7375K, capacity 8565K, committed 8576K, reserved 1048576K
}
Event: 11118.349 GC heap before
{Heap before GC invocations=6142 (full 120):
 PSYoungGen      total 4096K, used 3888K [0x00000000eab00000, 0x00000000eb000000, 0x0000000100000000)
  eden space 3072K, 100% used [0x00000000eab00000,0x00000000eae00000,0x00000000eae00000)
  from space 1024K, 79% used [0x00000000eaf00000,0x00000000eafcc010,0x00000000eb000000)
  to   space 1024K, 0% used [0x00000000eae00000,0x00000000eae00000,0x00000000eaf00000)
 ParOldGen       total 321536K, used 318382K [0x00000000c0000000, 0x00000000d3a00000, 0x00000000eab00000)
  object space 321536K, 99% used [0x00000000c0000000,0x00000000d36eb938,0x00000000d3a00000)
 Metaspace       used 77886K, capacity 81034K, committed 81280K, reserved 1122304K
  class space    used 7375K, capacity 8565K, committed 8576K, reserved 1048576K
}
Event: 11118.355 GC heap after
{Heap after GC invocations=6142 (full 120):
 PSYoungGen      total 4096K, used 480K [0x00000000eab00000, 0x00000000eb000000, 0x0000000100000000)
  eden space 3072K, 0% used [0x00000000eab00000,0x00000000eab00000,0x00000000eae00000)
  from space 1024K, 46% used [0x00000000eae00000,0x00000000eae78000,0x00000000eaf00000)
  to   space 1024K, 0% used [0x00000000eaf00000,0x00000000eaf00000,0x00000000eb000000)
 ParOldGen       total 321536K, used 319107K [0x00000000c0000000, 0x00000000d3a00000, 0x00000000eab00000)
  object space 321536K, 99% used [0x00000000c0000000,0x00000000d37a0dd8,0x00000000d3a00000)
 Metaspace       used 77886K, capacity 81034K, committed 81280K, reserved 1122304K
  class space    used 7375K, capacity 8565K, committed 8576K, reserved 1048576K
}
Event: 11118.489 GC heap before
{Heap before GC invocations=6143 (full 120):
 PSYoungGen      total 4096K, used 3552K [0x00000000eab00000, 0x00000000eb000000, 0x0000000100000000)
  eden space 3072K, 100% used [0x00000000eab00000,0x00000000eae00000,0x00000000eae00000)
  from space 1024K, 46% used [0x00000000eae00000,0x00000000eae78000,0x00000000eaf00000)
  to   space 1024K, 0% used [0x00000000eaf00000,0x00000000eaf00000,0x00000000eb000000)
 ParOldGen       total 321536K, used 319107K [0x00000000c0000000, 0x00000000d3a00000, 0x00000000eab00000)
  object space 321536K, 99% used [0x00000000c0000000,0x00000000d37a0dd8,0x00000000d3a00000)
 Metaspace       used 77886K, capacity 81034K, committed 81280K, reserved 1122304K
  class space    used 7375K, capacity 8565K, committed 8576K, reserved 1048576K
}
Event: 11118.496 GC heap after
{Heap after GC invocations=6143 (full 120):
 PSYoungGen      total 4096K, used 800K [0x00000000eab00000, 0x00000000eb000000, 0x0000000100000000)
  eden space 3072K, 0% used [0x00000000eab00000,0x00000000eab00000,0x00000000eae00000)
  from space 1024K, 78% used [0x00000000eaf00000,0x00000000eafc8000,0x00000000eb000000)
  to   space 1024K, 0% used [0x00000000eae00000,0x00000000eae00000,0x00000000eaf00000)
 ParOldGen       total 321536K, used 319539K [0x00000000c0000000, 0x00000000d3a00000, 0x00000000eab00000)
  object space 321536K, 99% used [0x00000000c0000000,0x00000000d380cdd8,0x00000000d3a00000)
 Metaspace       used 77886K, capacity 81034K, committed 81280K, reserved 1122304K
  class space    used 7375K, capacity 8565K, committed 8576K, reserved 1048576K
}
Event: 11118.541 GC heap before
{Heap before GC invocations=6144 (full 120):
 PSYoungGen      total 4096K, used 3872K [0x00000000eab00000, 0x00000000eb000000, 0x0000000100000000)
  eden space 3072K, 100% used [0x00000000eab00000,0x00000000eae00000,0x00000000eae00000)
  from space 1024K, 78% used [0x00000000eaf00000,0x00000000eafc8000,0x00000000eb000000)
  to   space 1024K, 0% used [0x00000000eae00000,0x00000000eae00000,0x00000000eaf00000)
 ParOldGen       total 321536K, used 319539K [0x00000000c0000000, 0x00000000d3a00000, 0x00000000eab00000)
  object space 321536K, 99% used [0x00000000c0000000,0x00000000d380cdd8,0x00000000d3a00000)
 Metaspace       used 77886K, capacity 81034K, committed 81280K, reserved 1122304K
  class space    used 7375K, capacity 8565K, committed 8576K, reserved 1048576K
}
Event: 11118.553 GC heap after
{Heap after GC invocations=6144 (full 120):
 PSYoungGen      total 4096K, used 1015K [0x00000000eab00000, 0x00000000eb400000, 0x0000000100000000)
  eden space 3072K, 0% used [0x00000000eab00000,0x00000000eab00000,0x00000000eae00000)
  from space 1024K, 99% used [0x00000000eae00000,0x00000000eaefddb0,0x00000000eaf00000)
  to   space 3072K, 0% used [0x00000000eb100000,0x00000000eb100000,0x00000000eb400000)
 ParOldGen       total 321536K, used 320834K [0x00000000c0000000, 0x00000000d3a00000, 0x00000000eab00000)
  object space 321536K, 99% used [0x00000000c0000000,0x00000000d3950b88,0x00000000d3a00000)
 Metaspace       used 77886K, capacity 81034K, committed 81280K, reserved 1122304K
  class space    used 7375K, capacity 8565K, committed 8576K, reserved 1048576K
}
Event: 11118.553 GC heap before
{Heap before GC invocations=6145 (full 121):
 PSYoungGen      total 4096K, used 1015K [0x00000000eab00000, 0x00000000eb400000, 0x0000000100000000)
  eden space 3072K, 0% used [0x00000000eab00000,0x00000000eab00000,0x00000000eae00000)
  from space 1024K, 99% used [0x00000000eae00000,0x00000000eaefddb0,0x00000000eaf00000)
  to   space 3072K, 0% used [0x00000000eb100000,0x00000000eb100000,0x00000000eb400000)
 ParOldGen       total 321536K, used 320834K [0x00000000c0000000, 0x00000000d3a00000, 0x00000000eab00000)
  object space 321536K, 99% used [0x00000000c0000000,0x00000000d3950b88,0x00000000d3a00000)
 Metaspace       used 77886K, capacity 81034K, committed 81280K, reserved 1122304K
  class space    used 7375K, capacity 8565K, committed 8576K, reserved 1048576K
}
Event: 11119.067 GC heap after
{Heap after GC invocations=6145 (full 121):
 PSYoungGen      total 6144K, used 0K [0x00000000eab00000, 0x00000000eb400000, 0x0000000100000000)
  eden space 3072K, 0% used [0x00000000eab00000,0x00000000eab00000,0x00000000eae00000)
  from space 3072K, 0% used [0x00000000eb100000,0x00000000eb100000,0x00000000eb400000)
  to   space 3072K, 0% used [0x00000000eae00000,0x00000000eae00000,0x00000000eb100000)
 ParOldGen       total 318464K, used 267496K [0x00000000c0000000, 0x00000000d3700000, 0x00000000eab00000)
  object space 318464K, 83% used [0x00000000c0000000,0x00000000d053a128,0x00000000d3700000)
 Metaspace       used 77886K, capacity 81034K, committed 81280K, reserved 1122304K
  class space    used 7375K, capacity 8565K, committed 8576K, reserved 1048576K
}
Event: 11119.120 GC heap before
{Heap before GC invocations=6146 (full 121):
 PSYoungGen      total 6144K, used 3072K [0x00000000eab00000, 0x00000000eb400000, 0x0000000100000000)
  eden space 3072K, 100% used [0x00000000eab00000,0x00000000eae00000,0x00000000eae00000)
  from space 3072K, 0% used [0x00000000eb100000,0x00000000eb100000,0x00000000eb400000)
  to   space 3072K, 0% used [0x00000000eae00000,0x00000000eae00000,0x00000000eb100000)
 ParOldGen       total 318464K, used 267496K [0x00000000c0000000, 0x00000000d3700000, 0x00000000eab00000)
  object space 318464K, 83% used [0x00000000c0000000,0x00000000d053a128,0x00000000d3700000)
 Metaspace       used 77886K, capacity 81034K, committed 81280K, reserved 1122304K
  class space    used 7375K, capacity 8565K, committed 8576K, reserved 1048576K
}
Event: 11119.139 GC heap after
{Heap after GC invocations=6146 (full 121):
 PSYoungGen      total 6144K, used 2880K [0x00000000eab00000, 0x00000000eb400000, 0x0000000100000000)
  eden space 3072K, 0% used [0x00000000eab00000,0x00000000eab00000,0x00000000eae00000)
  from space 3072K, 93% used [0x00000000eae00000,0x00000000eb0d0000,0x00000000eb100000)
  to   space 3072K, 0% used [0x00000000eb100000,0x00000000eb100000,0x00000000eb400000)
 ParOldGen       total 318464K, used 267496K [0x00000000c0000000, 0x00000000d3700000, 0x00000000eab00000)
  object space 318464K, 83% used [0x00000000c0000000,0x00000000d053a128,0x00000000d3700000)
 Metaspace       used 77886K, capacity 81034K, committed 81280K, reserved 1122304K
  class space    used 7375K, capacity 8565K, committed 8576K, reserved 1048576K
}
Event: 11119.260 GC heap before
{Heap before GC invocations=6147 (full 121):
 PSYoungGen      total 6144K, used 5952K [0x00000000eab00000, 0x00000000eb400000, 0x0000000100000000)
  eden space 3072K, 100% used [0x00000000eab00000,0x00000000eae00000,0x00000000eae00000)
  from space 3072K, 93% used [0x00000000eae00000,0x00000000eb0d0000,0x00000000eb100000)
  to   space 3072K, 0% used [0x00000000eb100000,0x00000000eb100000,0x00000000eb400000)
 ParOldGen       total 318464K, used 267496K [0x00000000c0000000, 0x00000000d3700000, 0x00000000eab00000)
  object space 318464K, 83% used [0x00000000c0000000,0x00000000d053a128,0x00000000d3700000)
 Metaspace       used 77886K, capacity 81034K, committed 81280K, reserved 1122304K
  class space    used 7375K, capacity 8565K, committed 8576K, reserved 1048576K
}
Event: 11119.274 GC heap after
{Heap after GC invocations=6147 (full 121):
 PSYoungGen      total 3584K, used 512K [0x00000000eab00000, 0x00000000eb180000, 0x0000000100000000)
  eden space 3072K, 0% used [0x00000000eab00000,0x00000000eab00000,0x00000000eae00000)
  from space 512K, 100% used [0x00000000eb100000,0x00000000eb180000,0x00000000eb180000)
  to   space 1536K, 0% used [0x00000000eae80000,0x00000000eae80000,0x00000000eb000000)
 ParOldGen       total 318464K, used 270384K [0x00000000c0000000, 0x00000000d3700000, 0x00000000eab00000)
  object space 318464K, 84% used [0x00000000c0000000,0x00000000d080c128,0x00000000d3700000)
 Metaspace       used 77886K, capacity 81034K, committed 81280K, reserved 1122304K
  class space    used 7375K, capacity 8565K, committed 8576K, reserved 1048576K
}

Deoptimization events (20 events):
Event: 11113.258 Thread 0x0000021720c09800 Uncommon trap: trap_request=0xffffffbe fr.pc=0x00000217125c1b20 relative=0x0000000000000240
Event: 11113.258 Thread 0x0000021720c09800 Uncommon trap: reason=profile_predicate action=maybe_recompile pc=0x00000217125c1b20 method=java.util.HashMap.valuesToArray([Ljava/lang/Object;)[Ljava/lang/Object; @ 36 c2
Event: 11113.259 Thread 0x0000021720c09800 DEOPT PACKING pc=0x00000217125c1b20 sp=0x000000c5c61fe100
Event: 11113.259 Thread 0x0000021720c09800 DEOPT UNPACKING pc=0x0000021709b2942a sp=0x000000c5c61fe080 mode 2
Event: 11113.558 Thread 0x0000021720c09800 Uncommon trap: trap_request=0xffffffbe fr.pc=0x00000217125c1b20 relative=0x0000000000000240
Event: 11113.558 Thread 0x0000021720c09800 Uncommon trap: reason=profile_predicate action=maybe_recompile pc=0x00000217125c1b20 method=java.util.HashMap.valuesToArray([Ljava/lang/Object;)[Ljava/lang/Object; @ 36 c2
Event: 11113.558 Thread 0x0000021720c09800 DEOPT PACKING pc=0x00000217125c1b20 sp=0x000000c5c61fe180
Event: 11113.558 Thread 0x0000021720c09800 DEOPT UNPACKING pc=0x0000021709b2942a sp=0x000000c5c61fe100 mode 2
Event: 11113.566 Thread 0x0000021720c05800 Uncommon trap: trap_request=0xffffffbe fr.pc=0x00000217125c1b20 relative=0x0000000000000240
Event: 11113.566 Thread 0x0000021720c05800 Uncommon trap: reason=profile_predicate action=maybe_recompile pc=0x00000217125c1b20 method=java.util.HashMap.valuesToArray([Ljava/lang/Object;)[Ljava/lang/Object; @ 36 c2
Event: 11113.566 Thread 0x0000021720c05800 DEOPT PACKING pc=0x00000217125c1b20 sp=0x000000c5c60fe4b0
Event: 11113.566 Thread 0x0000021720c05800 DEOPT UNPACKING pc=0x0000021709b2942a sp=0x000000c5c60fe430 mode 2
Event: 11113.828 Thread 0x0000021720c05800 Uncommon trap: trap_request=0xffffffbe fr.pc=0x00000217125c1b20 relative=0x0000000000000240
Event: 11113.828 Thread 0x0000021720c05800 Uncommon trap: reason=profile_predicate action=maybe_recompile pc=0x00000217125c1b20 method=java.util.HashMap.valuesToArray([Ljava/lang/Object;)[Ljava/lang/Object; @ 36 c2
Event: 11113.828 Thread 0x0000021720c05800 DEOPT PACKING pc=0x00000217125c1b20 sp=0x000000c5c60fe530
Event: 11113.828 Thread 0x0000021720c05800 DEOPT UNPACKING pc=0x0000021709b2942a sp=0x000000c5c60fe4b0 mode 2
Event: 11115.406 Thread 0x000002171bfbf000 Uncommon trap: trap_request=0xffffff45 fr.pc=0x00000217129d9ff4 relative=0x00000000000030f4
Event: 11115.406 Thread 0x000002171bfbf000 Uncommon trap: reason=unstable_if action=reinterpret pc=0x00000217129d9ff4 method=org.eclipse.jdt.internal.compiler.parser.Scanner.getNextToken0()I @ 1533 c2
Event: 11115.406 Thread 0x000002171bfbf000 DEOPT PACKING pc=0x00000217129d9ff4 sp=0x000000c5c67fe070
Event: 11115.406 Thread 0x000002171bfbf000 DEOPT UNPACKING pc=0x0000021709b2942a sp=0x000000c5c67fe018 mode 2

Classes unloaded (20 events):
Event: 3146.088 Thread 0x000002177fedf000 Unloading class 0x0000000800bb8440 'jdk/internal/reflect/GeneratedConstructorAccessor64'
Event: 3146.088 Thread 0x000002177fedf000 Unloading class 0x0000000800bb9040 'jdk/internal/reflect/GeneratedConstructorAccessor63'
Event: 3257.226 Thread 0x000002177fedf000 Unloading class 0x0000000801362040 'jdk/internal/reflect/GeneratedConstructorAccessor60'
Event: 3257.226 Thread 0x000002177fedf000 Unloading class 0x0000000801325440 'jdk/internal/reflect/GeneratedMethodAccessor16'
Event: 3257.226 Thread 0x000002177fedf000 Unloading class 0x0000000801121840 'jdk/internal/reflect/GeneratedSerializationConstructorAccessor4'
Event: 3257.226 Thread 0x000002177fedf000 Unloading class 0x0000000801122440 'jdk/internal/reflect/GeneratedSerializationConstructorAccessor3'
Event: 3257.226 Thread 0x000002177fedf000 Unloading class 0x0000000801122040 'jdk/internal/reflect/GeneratedSerializationConstructorAccessor2'
Event: 3257.226 Thread 0x000002177fedf000 Unloading class 0x0000000801122c40 'jdk/internal/reflect/GeneratedSerializationConstructorAccessor1'
Event: 5463.466 Thread 0x000002177fedf000 Unloading class 0x0000000801122040 'jdk/internal/reflect/GeneratedMethodAccessor19'
Event: 5463.466 Thread 0x000002177fedf000 Unloading class 0x0000000801362440 'jdk/internal/reflect/GeneratedSerializationConstructorAccessor8'
Event: 5463.466 Thread 0x000002177fedf000 Unloading class 0x0000000801362040 'jdk/internal/reflect/GeneratedSerializationConstructorAccessor7'
Event: 5463.466 Thread 0x000002177fedf000 Unloading class 0x0000000800bb9040 'jdk/internal/reflect/GeneratedSerializationConstructorAccessor6'
Event: 5463.466 Thread 0x000002177fedf000 Unloading class 0x0000000800bb8440 'jdk/internal/reflect/GeneratedSerializationConstructorAccessor5'
Event: 5463.466 Thread 0x000002177fedf000 Unloading class 0x0000000801121840 'jdk/internal/reflect/GeneratedConstructorAccessor67'
Event: 9647.357 Thread 0x000002177fedf000 Unloading class 0x0000000801362040 'jdk/internal/reflect/GeneratedSerializationConstructorAccessor12'
Event: 9647.357 Thread 0x000002177fedf000 Unloading class 0x0000000801122440 'jdk/internal/reflect/GeneratedSerializationConstructorAccessor11'
Event: 9647.357 Thread 0x000002177fedf000 Unloading class 0x0000000801122040 'jdk/internal/reflect/GeneratedSerializationConstructorAccessor10'
Event: 9647.357 Thread 0x000002177fedf000 Unloading class 0x0000000801121840 'jdk/internal/reflect/GeneratedSerializationConstructorAccessor9'
Event: 9647.357 Thread 0x000002177fedf000 Unloading class 0x0000000801325440 'jdk/internal/reflect/GeneratedConstructorAccessor66'
Event: 10575.623 Thread 0x000002177fedf000 Unloading class 0x0000000801121840 'jdk/internal/reflect/GeneratedConstructorAccessor68'

Classes redefined (0 events):
No events

Internal exceptions (20 events):
Event: 11118.267 Thread 0x000002171bfbd800 Exception <a 'java/lang/ArrayIndexOutOfBoundsException'{0x00000000eacfb6c8}> (0x00000000eacfb6c8) 
thrown [./open/src/hotspot/share/runtime/sharedRuntime.cpp, line 584]
Event: 11118.290 Thread 0x000002171bfbd800 Exception <a 'java/lang/ArrayIndexOutOfBoundsException'{0x00000000eabbc668}> (0x00000000eabbc668) 
thrown [./open/src/hotspot/share/runtime/sharedRuntime.cpp, line 584]
Event: 11118.301 Thread 0x000002171bfbd800 Exception <a 'java/lang/ArrayIndexOutOfBoundsException'{0x00000000eac797b0}> (0x00000000eac797b0) 
thrown [./open/src/hotspot/share/runtime/sharedRuntime.cpp, line 584]
Event: 11119.217 Thread 0x0000021720c06000 Exception <a 'java/lang/ArrayIndexOutOfBoundsException'{0x00000000eac1a510}> (0x00000000eac1a510) 
thrown [./open/src/hotspot/share/runtime/sharedRuntime.cpp, line 584]
Event: 11119.217 Thread 0x000002171bfbe000 Exception <a 'java/lang/ArrayIndexOutOfBoundsException'{0x00000000eac3c290}> (0x00000000eac3c290) 
thrown [./open/src/hotspot/share/runtime/sharedRuntime.cpp, line 584]
Event: 11119.217 Thread 0x0000021720c06000 Exception <a 'java/lang/ArrayIndexOutOfBoundsException'{0x00000000eac40fc8}> (0x00000000eac40fc8) 
thrown [./open/src/hotspot/share/runtime/sharedRuntime.cpp, line 584]
Event: 11119.220 Thread 0x0000021720c06000 Exception <a 'java/lang/ArrayIndexOutOfBoundsException'{0x00000000eac847c0}> (0x00000000eac847c0) 
thrown [./open/src/hotspot/share/runtime/sharedRuntime.cpp, line 584]
Event: 11119.220 Thread 0x0000021720c06000 Exception <a 'java/lang/ArrayIndexOutOfBoundsException'{0x00000000eaca2180}> (0x00000000eaca2180) 
thrown [./open/src/hotspot/share/runtime/sharedRuntime.cpp, line 584]
Event: 11119.224 Thread 0x0000021720c06000 Exception <a 'java/lang/ArrayIndexOutOfBoundsException'{0x00000000eacdab70}> (0x00000000eacdab70) 
thrown [./open/src/hotspot/share/runtime/sharedRuntime.cpp, line 584]
Event: 11119.225 Thread 0x0000021720c06000 Exception <a 'java/lang/ArrayIndexOutOfBoundsException'{0x00000000eacf5a58}> (0x00000000eacf5a58) 
thrown [./open/src/hotspot/share/runtime/sharedRuntime.cpp, line 584]
Event: 11119.240 Thread 0x0000021720c06000 Exception <a 'java/lang/ArrayIndexOutOfBoundsException'{0x00000000ead2bf88}> (0x00000000ead2bf88) 
thrown [./open/src/hotspot/share/runtime/sharedRuntime.cpp, line 584]
Event: 11119.241 Thread 0x0000021720c06000 Exception <a 'java/lang/ArrayIndexOutOfBoundsException'{0x00000000ead46f80}> (0x00000000ead46f80) 
thrown [./open/src/hotspot/share/runtime/sharedRuntime.cpp, line 584]
Event: 11119.250 Thread 0x0000021720c06000 Exception <a 'java/lang/ArrayIndexOutOfBoundsException'{0x00000000ead8c7d0}> (0x00000000ead8c7d0) 
thrown [./open/src/hotspot/share/runtime/sharedRuntime.cpp, line 584]
Event: 11119.251 Thread 0x0000021720c06000 Exception <a 'java/lang/ArrayIndexOutOfBoundsException'{0x00000000eada9f00}> (0x00000000eada9f00) 
thrown [./open/src/hotspot/share/runtime/sharedRuntime.cpp, line 584]
Event: 11119.258 Thread 0x0000021720c06000 Exception <a 'java/lang/ArrayIndexOutOfBoundsException'{0x00000000eade0e00}> (0x00000000eade0e00) 
thrown [./open/src/hotspot/share/runtime/sharedRuntime.cpp, line 584]
Event: 11119.258 Thread 0x0000021720c06000 Exception <a 'java/lang/ArrayIndexOutOfBoundsException'{0x00000000eadfbf50}> (0x00000000eadfbf50) 
thrown [./open/src/hotspot/share/runtime/sharedRuntime.cpp, line 584]
Event: 11119.277 Thread 0x0000021720c06000 Exception <a 'java/lang/ArrayIndexOutOfBoundsException'{0x00000000eab31ff8}> (0x00000000eab31ff8) 
thrown [./open/src/hotspot/share/runtime/sharedRuntime.cpp, line 584]
Event: 11119.278 Thread 0x0000021720c06000 Exception <a 'java/lang/ArrayIndexOutOfBoundsException'{0x00000000eab4cee8}> (0x00000000eab4cee8) 
thrown [./open/src/hotspot/share/runtime/sharedRuntime.cpp, line 584]
Event: 11119.281 Thread 0x000002171bfbe000 Exception <a 'java/lang/ArrayIndexOutOfBoundsException'{0x00000000eab94418}> (0x00000000eab94418) 
thrown [./open/src/hotspot/share/runtime/sharedRuntime.cpp, line 584]
Event: 11119.282 Thread 0x0000021720c06000 Exception <a 'java/lang/ArrayIndexOutOfBoundsException'{0x00000000eab9d9f8}> (0x00000000eab9d9f8) 
thrown [./open/src/hotspot/share/runtime/sharedRuntime.cpp, line 584]

Events (20 events):
Event: 11118.145 Executing VM operation: ParallelGCFailedAllocation
Event: 11118.152 Executing VM operation: ParallelGCFailedAllocation done
Event: 11118.221 Executing VM operation: ParallelGCFailedAllocation
Event: 11118.228 Executing VM operation: ParallelGCFailedAllocation done
Event: 11118.271 Executing VM operation: ParallelGCFailedAllocation
Event: 11118.281 Executing VM operation: ParallelGCFailedAllocation done
Event: 11118.348 Executing VM operation: ParallelGCFailedAllocation
Event: 11118.355 Executing VM operation: ParallelGCFailedAllocation done
Event: 11118.489 Executing VM operation: ParallelGCFailedAllocation
Event: 11118.496 Executing VM operation: ParallelGCFailedAllocation done
Event: 11118.541 Executing VM operation: ParallelGCFailedAllocation
Event: 11119.072 Executing VM operation: ParallelGCFailedAllocation done
Event: 11119.120 Executing VM operation: ParallelGCFailedAllocation
Event: 11119.139 Executing VM operation: ParallelGCFailedAllocation done
Event: 11119.258 Executing VM operation: ParallelGCFailedAllocation
Event: 11119.274 Executing VM operation: ParallelGCFailedAllocation done
Event: 11119.282 Executing VM operation: HandshakeOneThread
Event: 11119.282 Executing VM operation: HandshakeOneThread done
Event: 11119.285 Executing VM operation: HandshakeOneThread
Event: 11119.285 Executing VM operation: HandshakeOneThread done


Dynamic libraries:
0x00007ff773010000 - 0x00007ff77301f000 	C:\Program Files\Java\jdk-14.0.2\bin\java.exe
0x00007fff58280000 - 0x00007fff58470000 	C:\WINDOWS\SYSTEM32\ntdll.dll
0x00007fff58180000 - 0x00007fff58232000 	C:\WINDOWS\System32\KERNEL32.DLL
0x00007fff55b10000 - 0x00007fff55db4000 	C:\WINDOWS\System32\KERNELBASE.dll
0x00007fff56200000 - 0x00007fff562fa000 	C:\WINDOWS\System32\ucrtbase.dll
0x00007fff35dd0000 - 0x00007fff35de5000 	C:\Program Files\Java\jdk-14.0.2\bin\VCRUNTIME140.dll
0x00007fff35db0000 - 0x00007fff35dc8000 	C:\Program Files\Java\jdk-14.0.2\bin\jli.dll
0x00007fff57c30000 - 0x00007fff57cd3000 	C:\WINDOWS\System32\ADVAPI32.dll
0x00007fff570c0000 - 0x00007fff5715e000 	C:\WINDOWS\System32\msvcrt.dll
0x00007fff56330000 - 0x00007fff563c7000 	C:\WINDOWS\System32\sechost.dll
0x00007fff57ce0000 - 0x00007fff57e00000 	C:\WINDOWS\System32\RPCRT4.dll
0x00007fff579c0000 - 0x00007fff57b54000 	C:\WINDOWS\System32\USER32.dll
0x00007fff55e90000 - 0x00007fff55eb1000 	C:\WINDOWS\System32\win32u.dll
0x00007fff473d0000 - 0x00007fff47654000 	C:\WINDOWS\WinSxS\amd64_microsoft.windows.common-controls_6595b64144ccf1df_6.0.18362.836_none_e6c4b943130f18ed\COMCTL32.dll
0x00007fff57710000 - 0x00007fff57736000 	C:\WINDOWS\System32\GDI32.dll
0x00007fff56d20000 - 0x00007fff57056000 	C:\WINDOWS\System32\combase.dll
0x00007fff56060000 - 0x00007fff561f4000 	C:\WINDOWS\System32\gdi32full.dll
0x00007fff55a10000 - 0x00007fff55aae000 	C:\WINDOWS\System32\msvcp_win.dll
0x00007fff55210000 - 0x00007fff55290000 	C:\WINDOWS\System32\bcryptPrimitives.dll
0x00007fff46a90000 - 0x00007fff46a9a000 	C:\WINDOWS\SYSTEM32\VERSION.dll
0x00007fff56570000 - 0x00007fff5659e000 	C:\WINDOWS\System32\IMM32.DLL
0x00007fff20d50000 - 0x00007fff20deb000 	C:\Program Files\Java\jdk-14.0.2\bin\msvcp140.dll
0x00007fff09350000 - 0x00007fff09e6e000 	C:\Program Files\Java\jdk-14.0.2\bin\server\jvm.dll
0x00007fff57b60000 - 0x00007fff57b68000 	C:\WINDOWS\System32\PSAPI.DLL
0x00007fff4c1a0000 - 0x00007fff4c1a9000 	C:\WINDOWS\SYSTEM32\WSOCK32.dll
0x00007fff52980000 - 0x00007fff529a4000 	C:\WINDOWS\SYSTEM32\WINMM.dll
0x00007fff52950000 - 0x00007fff5297d000 	C:\WINDOWS\SYSTEM32\winmmbase.dll
0x00007fff56010000 - 0x00007fff5605a000 	C:\WINDOWS\System32\cfgmgr32.dll
0x00007fff57e60000 - 0x00007fff57ecf000 	C:\WINDOWS\System32\WS2_32.dll
0x00007fff55150000 - 0x00007fff55161000 	C:\WINDOWS\System32\kernel.appcore.dll
0x00007fff4ac20000 - 0x00007fff4ac2a000 	C:\Program Files\Java\jdk-14.0.2\bin\jimage.dll
0x00007fff53b60000 - 0x00007fff53d54000 	C:\WINDOWS\SYSTEM32\DBGHELP.DLL
0x00007fff4b610000 - 0x00007fff4b63a000 	C:\WINDOWS\SYSTEM32\dbgcore.DLL
0x00007fff35d80000 - 0x00007fff35da5000 	C:\Program Files\Java\jdk-14.0.2\bin\java.dll
0x00007fff35d60000 - 0x00007fff35d76000 	C:\Program Files\Java\jdk-14.0.2\bin\zip.dll
0x00007fff56620000 - 0x00007fff56d04000 	C:\WINDOWS\System32\SHELL32.dll
0x00007fff57b70000 - 0x00007fff57c19000 	C:\WINDOWS\System32\shcore.dll
0x00007fff55290000 - 0x00007fff55a0e000 	C:\WINDOWS\System32\windows.storage.dll
0x00007fff551c0000 - 0x00007fff551e3000 	C:\WINDOWS\System32\profapi.dll
0x00007fff55170000 - 0x00007fff551ba000 	C:\WINDOWS\System32\powrprof.dll
0x00007fff55140000 - 0x00007fff55150000 	C:\WINDOWS\System32\UMPDC.dll
0x00007fff57060000 - 0x00007fff570b2000 	C:\WINDOWS\System32\shlwapi.dll
0x00007fff55e70000 - 0x00007fff55e87000 	C:\WINDOWS\System32\cryptsp.dll
0x00007fff2d0c0000 - 0x00007fff2d0d9000 	C:\Program Files\Java\jdk-14.0.2\bin\net.dll
0x00007fff46ea0000 - 0x00007fff46f90000 	C:\WINDOWS\SYSTEM32\WINHTTP.dll
0x00007fff54950000 - 0x00007fff549b7000 	C:\WINDOWS\system32\mswsock.dll
0x00007fff2bcd0000 - 0x00007fff2bce2000 	C:\Program Files\Java\jdk-14.0.2\bin\nio.dll
0x00007fff544c0000 - 0x00007fff544f3000 	C:\WINDOWS\system32\rsaenh.dll
0x00007fff56300000 - 0x00007fff56326000 	C:\WINDOWS\System32\bcrypt.dll
0x00007fff55030000 - 0x00007fff55055000 	C:\WINDOWS\SYSTEM32\USERENV.dll
0x00007fff54b20000 - 0x00007fff54b2c000 	C:\WINDOWS\SYSTEM32\CRYPTBASE.dll
0x00007fff54660000 - 0x00007fff5469a000 	C:\WINDOWS\SYSTEM32\IPHLPAPI.DLL
0x00007fff56d10000 - 0x00007fff56d18000 	C:\WINDOWS\System32\NSI.dll
0x00007fff4ba70000 - 0x00007fff4ba86000 	C:\WINDOWS\SYSTEM32\dhcpcsvc6.DLL
0x00007fff4c070000 - 0x00007fff4c08c000 	C:\WINDOWS\SYSTEM32\dhcpcsvc.DLL
0x00007fff546a0000 - 0x00007fff5476b000 	C:\WINDOWS\SYSTEM32\DNSAPI.dll
0x00007fff24ad0000 - 0x00007fff24af9000 	C:\Users\Pooja\AppData\Roaming\Code\User\globalStorage\redhat.java\0.76.0\config_win\org.eclipse.equinox.launcher\org.eclipse.equinox.launcher.win32.win32.x86_64_1.2.100.v20210209-1541\eclipse_11301.dll
0x00007fff4a440000 - 0x00007fff4a450000 	C:\Program Files\Java\jdk-14.0.2\bin\verify.dll
0x00007fff281c0000 - 0x00007fff281d1000 	C:\Users\Pooja\AppData\Roaming\Code\User\globalStorage\redhat.java\0.76.0\config_win\org.eclipse.osgi\23\0\.cp\jWinHttp-1.0.0.dll
0x00007fff57860000 - 0x00007fff579b7000 	C:\WINDOWS\System32\ole32.dll
0x00007fff49940000 - 0x00007fff4994e000 	C:\Program Files\Java\jdk-14.0.2\bin\sunmscapi.dll
0x00007fff55ec0000 - 0x00007fff56009000 	C:\WINDOWS\System32\CRYPT32.dll
0x00007fff551f0000 - 0x00007fff55202000 	C:\WINDOWS\System32\MSASN1.dll
0x00007fff54c20000 - 0x00007fff54c46000 	C:\WINDOWS\SYSTEM32\ncrypt.dll
0x00007fff54be0000 - 0x00007fff54c1b000 	C:\WINDOWS\SYSTEM32\NTASN1.dll
0x00007fff24aa0000 - 0x00007fff24ac5000 	C:\Program Files\Java\jdk-14.0.2\bin\sunec.dll
0x00007fff46a10000 - 0x00007fff46a1a000 	C:\Windows\System32\rasadhlp.dll
0x00007fff4b8e0000 - 0x00007fff4b957000 	C:\WINDOWS\System32\fwpuclnt.dll

dbghelp: loaded successfully - version: 4.0.5 - missing functions: none
symbol engine: initialized successfully - sym options: 0x614 - pdb path: .;C:\Program Files\Java\jdk-14.0.2\bin;C:\WINDOWS\SYSTEM32;C:\WINDOWS\WinSxS\amd64_microsoft.windows.common-controls_6595b64144ccf1df_6.0.18362.836_none_e6c4b943130f18ed;C:\Program Files\Java\jdk-14.0.2\bin\server;C:\Users\Pooja\AppData\Roaming\Code\User\globalStorage\redhat.java\0.76.0\config_win\org.eclipse.equinox.launcher\org.eclipse.equinox.launcher.win32.win32.x86_64_1.2.100.v20210209-1541;C:\Users\Pooja\AppData\Roaming\Code\User\globalStorage\redhat.java\0.76.0\config_win\org.eclipse.osgi\23\0\.cp

VM Arguments:
jvm_args: --add-modules=ALL-SYSTEM --add-opens=java.base/java.util=ALL-UNNAMED --add-opens=java.base/java.lang=ALL-UNNAMED -Declipse.application=org.eclipse.jdt.ls.core.id1 -Dosgi.bundles.defaultStartLevel=4 -Declipse.product=org.eclipse.jdt.ls.core.product -Dfile.encoding=utf8 -DwatchParentProcess=false -XX:+UseParallelGC -XX:GCTimeRatio=4 -XX:AdaptiveSizePolicyWeight=90 -Dsun.zip.disableMemoryMapping=true -Xmx1G -Xms100m 
java_command: c:\Users\Pooja\.vscode\extensions\redhat.java-0.76.0\server\plugins\org.eclipse.equinox.launcher_1.6.100.v20201223-0822.jar -configuration c:\Users\Pooja\AppData\Roaming\Code\User\globalStorage\redhat.java\0.76.0\config_win -data c:\Users\Pooja\AppData\Roaming\Code\User\workspaceStorage\161791dd57563d5eb755a8969e3655f5\redhat.java\jdt_ws
java_class_path (initial): c:\Users\Pooja\.vscode\extensions\redhat.java-0.76.0\server\plugins\org.eclipse.equinox.launcher_1.6.100.v20201223-0822.jar
Launcher Type: SUN_STANDARD

[Global flags]
    uintx AdaptiveSizePolicyWeight                 = 90                                        {product} {command line}
     intx CICompilerCount                          = 3                                         {product} {ergonomic}
    uintx GCTimeRatio                              = 4                                         {product} {command line}
   size_t InitialHeapSize                          = 104857600                                 {product} {command line}
   size_t MaxHeapSize                              = 1073741824                                {product} {command line}
   size_t MaxNewSize                               = 357564416                                 {product} {ergonomic}
   size_t MinHeapDeltaBytes                        = 524288                                    {product} {ergonomic}
   size_t MinHeapSize                              = 104857600                                 {product} {command line}
   size_t NewSize                                  = 34603008                                  {product} {ergonomic}
    uintx NonNMethodCodeHeapSize                   = 5832780                                {pd product} {ergonomic}
    uintx NonProfiledCodeHeapSize                  = 122912730                              {pd product} {ergonomic}
   size_t OldSize                                  = 70254592                                  {product} {ergonomic}
    uintx ProfiledCodeHeapSize                     = 122912730                              {pd product} {ergonomic}
    uintx ReservedCodeCacheSize                    = 251658240                              {pd product} {ergonomic}
     bool SegmentedCodeCache                       = true                                      {product} {ergonomic}
   size_t SoftMaxHeapSize                          = 1073741824                             {manageable} {ergonomic}
     bool UseCompressedClassPointers               = true                                 {lp64_product} {ergonomic}
     bool UseCompressedOops                        = true                                 {lp64_product} {ergonomic}
     bool UseLargePagesIndividualAllocation        = false                                  {pd product} {ergonomic}
     bool UseParallelGC                            = true                                      {product} {command line}

Logging:
Log output configuration:
 #0: stdout all=warning uptime,level,tags
 #1: stderr all=off uptime,level,tags

Environment Variables:
JAVA_HOME=C:\Program Files\Java\jdk-14.0.2
PATH=C:\WINDOWS\system32;C:\WINDOWS;C:\WINDOWS\System32\Wbem;C:\WINDOWS\System32\WindowsPowerShell\v1.0\;C:\WINDOWS\System32\OpenSSH\;C:\Program Files\Java\jdk-14.0.2\bin;C:\Program Files\Git\cmd;C:\Program Files\Go\bin;C:\Users\Pooja\Desktop\flutter\bin;C:\Users\Pooja\AppData\Local\Programs\Microsoft VS Code\bin;C:\Program Files\mingw-w64\x86_64-8.1.0-posix-seh-rt_v6-rev0\mingw64\bin;C:\Program Files\mingw-w64\x86_64-8.1.0-posix-seh-rt_v6-rev0;C:\Program Files\mingw-w64\x86_64-8.1.0-posix-seh-rt_v6-rev0\mingw64\bin;C:\Users\Pooja\go\bin
USERNAME=Pooja
OS=Windows_NT
PROCESSOR_IDENTIFIER=Intel64 Family 6 Model 55 Stepping 8, GenuineIntel



---------------  S Y S T E M  ---------------

OS: Windows 10 , 64 bit Build 18362 (10.0.18362.778)
OS uptime: 1 days 23:49 hours

CPU:total 4 (initial active 4) (4 cores per cpu, 1 threads per core) family 6 model 55 stepping 8, cmov, cx8, fxsr, mmx, sse, sse2, sse3, ssse3, sse4.1, sse4.2, popcnt, clmul, erms, 3dnowpref, tsc, tscinvbit

Memory: 4k page, system-wide physical 3984M (427M free)
TotalPageFile size 5264M (AvailPageFile size 862M)
current process WorkingSet (physical memory assigned to process): 601M, peak: 770M
current process commit charge ("private bytes"): 622M, peak: 701M

vm_info: Java HotSpot(TM) 64-Bit Server VM (14.0.2+12-46) for windows-amd64 JRE (14.0.2+12-46), built on Jul  9 2020 00:35:52 by "mach5one" with MS VC++ 15.9 (VS2017)

END.
